# JRE version: OpenJDK Runtime Environment (17.0.7) (build 17.0.7+0-b2043.56-10550314)
# Java VM: OpenJDK 64-Bit Server VM (17.0.7+0-b2043.56-10550314, mixed mode, tiered, compressed oops, compressed class ptrs, g1 gc, windows-amd64)
GC Precious Log:
 CPUs: 12 total, 12 available
 Memory: 5996M
 Large Page Support: Disabled
 NUMA Support: Disabled
 Compressed Oops: Enabled (32-bit)
 Heap Region Size: 1M
 Heap Min Capacity: 8M
 Heap Initial Capacity: 94M
 Heap Max Capacity: 2G
 Pre-touch: Disabled
 Parallel Workers: 10
 Concurrent Workers: 3
 Concurrent Refinement Workers: 10
 Periodic GC: Disabled
Heap:
 garbage-first heap   total 168960K, used 137465K [0x0000000080000000, 0x0000000100000000)
  region size 1024K, 37 young (37888K), 5 survivors (5120K)
 Metaspace       used 76347K, committed 77056K, reserved 1179648K
  class space    used 10174K, committed 10496K, reserved 1048576K
GC Heap History (20 events):
Event: 7.161 GC heap before
{Heap before GC invocations=34 (full 0):
 garbage-first heap   total 148480K, used 107344K [0x0000000080000000, 0x0000000100000000)
  region size 1024K, 25 young (25600K), 4 survivors (4096K)
 Metaspace       used 58088K, committed 58688K, reserved 1114112K
  class space    used 7803K, committed 8064K, reserved 1048576K
}
Event: 7.164 GC heap after
{Heap after GC invocations=35 (full 0):
 garbage-first heap   total 148480K, used 90683K [0x0000000080000000, 0x0000000100000000)
  region size 1024K, 4 young (4096K), 4 survivors (4096K)
 Metaspace       used 58088K, committed 58688K, reserved 1114112K
  class space    used 7803K, committed 8064K, reserved 1048576K
}
Event: 7.372 GC heap before
{Heap before GC invocations=35 (full 0):
 garbage-first heap   total 148480K, used 110139K [0x0000000080000000, 0x0000000100000000)
  region size 1024K, 24 young (24576K), 4 survivors (4096K)
 Metaspace       used 60085K, committed 60736K, reserved 1114112K
  class space    used 8086K, committed 8384K, reserved 1048576K
}
Event: 7.374 GC heap after
{Heap after GC invocations=36 (full 0):
 garbage-first heap   total 148480K, used 91282K [0x0000000080000000, 0x0000000100000000)
  region size 1024K, 1 young (1024K), 1 survivors (1024K)
 Metaspace       used 60085K, committed 60736K, reserved 1114112K
  class space    used 8086K, committed 8384K, reserved 1048576K
}
Event: 7.664 GC heap before
{Heap before GC invocations=37 (full 0):
 garbage-first heap   total 157696K, used 111762K [0x0000000080000000, 0x0000000100000000)
  region size 1024K, 22 young (22528K), 1 survivors (1024K)
 Metaspace       used 62703K, committed 63296K, reserved 1114112K
  class space    used 8393K, committed 8640K, reserved 1048576K
}
Event: 7.666 GC heap after
{Heap after GC invocations=38 (full 0):
 garbage-first heap   total 157696K, used 91900K [0x0000000080000000, 0x0000000100000000)
  region size 1024K, 2 young (2048K), 2 survivors (2048K)
 Metaspace       used 62703K, committed 63296K, reserved 1114112K
  class space    used 8393K, committed 8640K, reserved 1048576K
}
Event: 7.726 GC heap before
{Heap before GC invocations=38 (full 0):
 garbage-first heap   total 157696K, used 95996K [0x0000000080000000, 0x0000000100000000)
  region size 1024K, 7 young (7168K), 2 survivors (2048K)
 Metaspace       used 63208K, committed 63808K, reserved 1114112K
  class space    used 8442K, committed 8704K, reserved 1048576K
}
Event: 7.727 GC heap after
{Heap after GC invocations=39 (full 0):
 garbage-first heap   total 157696K, used 91624K [0x0000000080000000, 0x0000000100000000)
  region size 1024K, 1 young (1024K), 1 survivors (1024K)
 Metaspace       used 63208K, committed 63808K, reserved 1114112K
  class space    used 8442K, committed 8704K, reserved 1048576K
}
Event: 8.082 GC heap before
{Heap before GC invocations=39 (full 0):
 garbage-first heap   total 157696K, used 119272K [0x0000000080000000, 0x0000000100000000)
  region size 1024K, 28 young (28672K), 1 survivors (1024K)
 Metaspace       used 66032K, committed 66688K, reserved 1114112K
  class space    used 8853K, committed 9152K, reserved 1048576K
}
Event: 8.084 GC heap after
{Heap after GC invocations=40 (full 0):
 garbage-first heap   total 157696K, used 92803K [0x0000000080000000, 0x0000000100000000)
  region size 1024K, 2 young (2048K), 2 survivors (2048K)
 Metaspace       used 66032K, committed 66688K, reserved 1114112K
  class space    used 8853K, committed 9152K, reserved 1048576K
}
Event: 8.348 GC heap before
{Heap before GC invocations=41 (full 0):
 garbage-first heap   total 162816K, used 127619K [0x0000000080000000, 0x0000000100000000)
  region size 1024K, 30 young (30720K), 2 survivors (2048K)
 Metaspace       used 68244K, committed 68864K, reserved 1114112K
  class space    used 9143K, committed 9408K, reserved 1048576K
}
Event: 8.352 GC heap after
{Heap after GC invocations=42 (full 0):
 garbage-first heap   total 162816K, used 96826K [0x0000000080000000, 0x0000000100000000)
  region size 1024K, 4 young (4096K), 4 survivors (4096K)
 Metaspace       used 68244K, committed 68864K, reserved 1114112K
  class space    used 9143K, committed 9408K, reserved 1048576K
}
Event: 8.377 GC heap before
{Heap before GC invocations=42 (full 0):
 garbage-first heap   total 162816K, used 98874K [0x0000000080000000, 0x0000000100000000)
  region size 1024K, 7 young (7168K), 4 survivors (4096K)
 Metaspace       used 68544K, committed 69184K, reserved 1114112K
  class space    used 9171K, committed 9472K, reserved 1048576K
}
Event: 8.380 GC heap after
{Heap after GC invocations=43 (full 0):
 garbage-first heap   total 162816K, used 96520K [0x0000000080000000, 0x0000000100000000)
  region size 1024K, 1 young (1024K), 1 survivors (1024K)
 Metaspace       used 68544K, committed 69184K, reserved 1114112K
  class space    used 9171K, committed 9472K, reserved 1048576K
}
Event: 8.638 GC heap before
{Heap before GC invocations=43 (full 0):
 garbage-first heap   total 162816K, used 127240K [0x0000000080000000, 0x0000000100000000)
  region size 1024K, 31 young (31744K), 1 survivors (1024K)
 Metaspace       used 70792K, committed 71424K, reserved 1114112K
  class space    used 9474K, committed 9728K, reserved 1048576K
}
Event: 8.640 GC heap after
{Heap after GC invocations=44 (full 0):
 garbage-first heap   total 162816K, used 98138K [0x0000000080000000, 0x0000000100000000)
  region size 1024K, 2 young (2048K), 2 survivors (2048K)
 Metaspace       used 70792K, committed 71424K, reserved 1114112K
  class space    used 9474K, committed 9728K, reserved 1048576K
}
Event: 8.993 GC heap before
{Heap before GC invocations=45 (full 0):
 garbage-first heap   total 168960K, used 130906K [0x0000000080000000, 0x0000000100000000)
  region size 1024K, 33 young (33792K), 2 survivors (2048K)
 Metaspace       used 74240K, committed 74880K, reserved 1114112K
  class space    used 9913K, committed 10176K, reserved 1048576K
}
Event: 8.995 GC heap after
{Heap after GC invocations=46 (full 0):
 garbage-first heap   total 168960K, used 99733K [0x0000000080000000, 0x0000000100000000)
  region size 1024K, 4 young (4096K), 4 survivors (4096K)
 Metaspace       used 74240K, committed 74880K, reserved 1114112K
  class space    used 9913K, committed 10176K, reserved 1048576K
}
Event: 9.448 GC heap before
{Heap before GC invocations=46 (full 0):
 garbage-first heap   total 168960K, used 138645K [0x0000000080000000, 0x0000000100000000)
  region size 1024K, 39 young (39936K), 4 survivors (4096K)
 Metaspace       used 76037K, committed 76672K, reserved 1179648K
  class space    used 10153K, committed 10432K, reserved 1048576K
}
Event: 9.455 GC heap after
{Heap after GC invocations=47 (full 0):
 garbage-first heap   total 168960K, used 105721K [0x0000000080000000, 0x0000000100000000)
  region size 1024K, 5 young (5120K), 5 survivors (5120K)
 Metaspace       used 76037K, committed 76672K, reserved 1179648K
  class space    used 10153K, committed 10432K, reserved 1048576K
}

