# JRE version: OpenJDK Runtime Environment (17.0.7) (build 17.0.7+0-b2043.56-10550314)
# Java VM: OpenJDK 64-Bit Server VM (17.0.7+0-b2043.56-10550314, mixed mode, tiered, compressed oops, compressed class ptrs, g1 gc, windows-amd64)
GC Precious Log:
 CPUs: 12 total, 12 available
 Memory: 5996M
 Large Page Support: Disabled
 NUMA Support: Disabled
 Compressed Oops: Enabled (32-bit)
 Heap Region Size: 1M
 Heap Min Capacity: 8M
 Heap Initial Capacity: 94M
 Heap Max Capacity: 2G
 Pre-touch: Disabled
 Parallel Workers: 10
 Concurrent Workers: 3
 Concurrent Refinement Workers: 10
 Periodic GC: Disabled
Heap:
 garbage-first heap   total 160768K, used 93724K [0x0000000080000000, 0x0000000100000000)
  region size 1024K, 1 young (1024K), 1 survivors (1024K)
 Metaspace       used 66485K, committed 67136K, reserved 1114112K
  class space    used 8941K, committed 9216K, reserved 1048576K
GC Heap History (20 events):
Event: 6.875 GC heap after
{Heap after GC invocations=23 (full 0):
 garbage-first heap   total 132096K, used 66226K [0x0000000080000000, 0x0000000100000000)
  region size 1024K, 1 young (1024K), 1 survivors (1024K)
 Metaspace       used 50713K, committed 51136K, reserved 1114112K
  class space    used 6672K, committed 6848K, reserved 1048576K
}
Event: 7.422 GC heap before
{Heap before GC invocations=23 (full 0):
 garbage-first heap   total 132096K, used 104114K [0x0000000080000000, 0x0000000100000000)
  region size 1024K, 38 young (38912K), 1 survivors (1024K)
 Metaspace       used 54161K, committed 54720K, reserved 1114112K
  class space    used 7292K, committed 7552K, reserved 1048576K
}
Event: 7.426 GC heap after
{Heap after GC invocations=24 (full 0):
 garbage-first heap   total 132096K, used 69033K [0x0000000080000000, 0x0000000100000000)
  region size 1024K, 4 young (4096K), 4 survivors (4096K)
 Metaspace       used 54161K, committed 54720K, reserved 1114112K
  class space    used 7292K, committed 7552K, reserved 1048576K
}
Event: 8.269 GC heap before
{Heap before GC invocations=25 (full 0):
 garbage-first heap   total 132096K, used 104873K [0x0000000080000000, 0x0000000100000000)
  region size 1024K, 40 young (40960K), 4 survivors (4096K)
 Metaspace       used 56582K, committed 57152K, reserved 1114112K
  class space    used 7602K, committed 7872K, reserved 1048576K
}
Event: 8.274 GC heap after
{Heap after GC invocations=26 (full 0):
 garbage-first heap   total 132096K, used 73134K [0x0000000080000000, 0x0000000100000000)
  region size 1024K, 5 young (5120K), 5 survivors (5120K)
 Metaspace       used 56582K, committed 57152K, reserved 1114112K
  class space    used 7602K, committed 7872K, reserved 1048576K
}
Event: 8.578 GC heap before
{Heap before GC invocations=26 (full 0):
 garbage-first heap   total 132096K, used 105902K [0x0000000080000000, 0x0000000100000000)
  region size 1024K, 37 young (37888K), 5 survivors (5120K)
 Metaspace       used 59478K, committed 60032K, reserved 1114112K
  class space    used 8091K, committed 8320K, reserved 1048576K
}
Event: 8.583 GC heap after
{Heap after GC invocations=27 (full 0):
 garbage-first heap   total 132096K, used 75351K [0x0000000080000000, 0x0000000100000000)
  region size 1024K, 3 young (3072K), 3 survivors (3072K)
 Metaspace       used 59478K, committed 60032K, reserved 1114112K
  class space    used 8091K, committed 8320K, reserved 1048576K
}
Event: 8.957 GC heap before
{Heap before GC invocations=28 (full 0):
 garbage-first heap   total 135168K, used 104023K [0x0000000080000000, 0x0000000100000000)
  region size 1024K, 32 young (32768K), 3 survivors (3072K)
 Metaspace       used 61637K, committed 62208K, reserved 1114112K
  class space    used 8327K, committed 8576K, reserved 1048576K
}
Event: 8.960 GC heap after
{Heap after GC invocations=29 (full 0):
 garbage-first heap   total 135168K, used 76499K [0x0000000080000000, 0x0000000100000000)
  region size 1024K, 4 young (4096K), 4 survivors (4096K)
 Metaspace       used 61637K, committed 62208K, reserved 1114112K
  class space    used 8327K, committed 8576K, reserved 1048576K
}
Event: 9.004 GC heap before
{Heap before GC invocations=30 (full 0):
 garbage-first heap   total 135168K, used 79571K [0x0000000080000000, 0x0000000100000000)
  region size 1024K, 6 young (6144K), 4 survivors (4096K)
 Metaspace       used 61650K, committed 62272K, reserved 1114112K
  class space    used 8327K, committed 8576K, reserved 1048576K
}
Event: 9.006 GC heap after
{Heap after GC invocations=31 (full 0):
 garbage-first heap   total 135168K, used 80319K [0x0000000080000000, 0x0000000100000000)
  region size 1024K, 4 young (4096K), 4 survivors (4096K)
 Metaspace       used 61650K, committed 62272K, reserved 1114112K
  class space    used 8327K, committed 8576K, reserved 1048576K
}
Event: 9.397 GC heap before
{Heap before GC invocations=32 (full 0):
 garbage-first heap   total 142336K, used 103871K [0x0000000080000000, 0x0000000100000000)
  region size 1024K, 21 young (21504K), 4 survivors (4096K)
 Metaspace       used 62513K, committed 63168K, reserved 1114112K
  class space    used 8437K, committed 8704K, reserved 1048576K
}
Event: 9.401 GC heap after
{Heap after GC invocations=33 (full 0):
 garbage-first heap   total 142336K, used 91645K [0x0000000080000000, 0x0000000100000000)
  region size 1024K, 3 young (3072K), 3 survivors (3072K)
 Metaspace       used 62513K, committed 63168K, reserved 1114112K
  class space    used 8437K, committed 8704K, reserved 1048576K
}
Event: 9.431 GC heap before
{Heap before GC invocations=33 (full 0):
 garbage-first heap   total 142336K, used 94717K [0x0000000080000000, 0x0000000100000000)
  region size 1024K, 6 young (6144K), 3 survivors (3072K)
 Metaspace       used 62699K, committed 63296K, reserved 1114112K
  class space    used 8455K, committed 8704K, reserved 1048576K
}
Event: 9.434 GC heap after
{Heap after GC invocations=34 (full 0):
 garbage-first heap   total 142336K, used 92403K [0x0000000080000000, 0x0000000100000000)
  region size 1024K, 1 young (1024K), 1 survivors (1024K)
 Metaspace       used 62699K, committed 63296K, reserved 1114112K
  class space    used 8455K, committed 8704K, reserved 1048576K
}
Event: 9.633 GC heap before
{Heap before GC invocations=34 (full 0):
 garbage-first heap   total 142336K, used 107763K [0x0000000080000000, 0x0000000100000000)
  region size 1024K, 17 young (17408K), 1 survivors (1024K)
 Metaspace       used 64224K, committed 64832K, reserved 1114112K
  class space    used 8670K, committed 8896K, reserved 1048576K
}
Event: 9.634 GC heap after
{Heap after GC invocations=35 (full 0):
 garbage-first heap   total 142336K, used 93484K [0x0000000080000000, 0x0000000100000000)
  region size 1024K, 2 young (2048K), 2 survivors (2048K)
 Metaspace       used 64224K, committed 64832K, reserved 1114112K
  class space    used 8670K, committed 8896K, reserved 1048576K
}
Event: 9.884 GC heap before
{Heap before GC invocations=36 (full 0):
 garbage-first heap   total 160768K, used 109868K [0x0000000080000000, 0x0000000100000000)
  region size 1024K, 19 young (19456K), 2 survivors (2048K)
 Metaspace       used 65966K, committed 66560K, reserved 1114112K
  class space    used 8899K, committed 9152K, reserved 1048576K
}
Event: 9.891 GC heap after
{Heap after GC invocations=37 (full 0):
 garbage-first heap   total 160768K, used 94134K [0x0000000080000000, 0x0000000100000000)
  region size 1024K, 3 young (3072K), 3 survivors (3072K)
 Metaspace       used 65966K, committed 66560K, reserved 1114112K
  class space    used 8899K, committed 9152K, reserved 1048576K
}
Event: 9.931 GC heap before
{Heap before GC invocations=37 (full 0):
 garbage-first heap   total 160768K, used 97206K [0x0000000080000000, 0x0000000100000000)
  region size 1024K, 7 young (7168K), 3 survivors (3072K)
 Metaspace       used 66485K, committed 67136K, reserved 1114112K
  class space    used 8941K, committed 9216K, reserved 1048576K
}

