# JRE version: OpenJDK Runtime Environment (17.0.7) (build 17.0.7+0-b2043.56-10550314)
# Java VM: OpenJDK 64-Bit Server VM (17.0.7+0-b2043.56-10550314, mixed mode, tiered, compressed oops, compressed class ptrs, g1 gc, windows-amd64)
GC Precious Log:
 CPUs: 12 total, 12 available
 Memory: 5996M
 Large Page Support: Disabled
 NUMA Support: Disabled
 Compressed Oops: Enabled (32-bit)
 Heap Region Size: 1M
 Heap Min Capacity: 8M
 Heap Initial Capacity: 94M
 Heap Max Capacity: 2G
 Pre-touch: Disabled
 Parallel Workers: 10
 Concurrent Workers: 3
 Concurrent Refinement Workers: 10
 Periodic GC: Disabled
Heap:
 garbage-first heap   total 334848K, used 281626K [0x0000000080000000, 0x0000000100000000)
  region size 1024K, 3 young (3072K), 3 survivors (3072K)
 Metaspace       used 110098K, committed 110848K, reserved 1179648K
  class space    used 15014K, committed 15360K, reserved 1048576K
GC Heap History (20 events):
Event: 11.203 GC heap after
{Heap after GC invocations=54 (full 0):
 garbage-first heap   total 183296K, used 109585K [0x0000000080000000, 0x0000000100000000)
  region size 1024K, 1 young (1024K), 1 survivors (1024K)
 Metaspace       used 96490K, committed 97152K, reserved 1179648K
  class space    used 13205K, committed 13504K, reserved 1048576K
}
Event: 11.385 GC heap before
{Heap before GC invocations=54 (full 0):
 garbage-first heap   total 183296K, used 147473K [0x0000000080000000, 0x0000000100000000)
  region size 1024K, 39 young (39936K), 1 survivors (1024K)
 Metaspace       used 96746K, committed 97472K, reserved 1179648K
  class space    used 13214K, committed 13568K, reserved 1048576K
}
Event: 11.388 GC heap after
{Heap after GC invocations=55 (full 0):
 garbage-first heap   total 333824K, used 111654K [0x0000000080000000, 0x0000000100000000)
  region size 1024K, 3 young (3072K), 3 survivors (3072K)
 Metaspace       used 96746K, committed 97472K, reserved 1179648K
  class space    used 13214K, committed 13568K, reserved 1048576K
}
Event: 12.433 GC heap before
{Heap before GC invocations=56 (full 0):
 garbage-first heap   total 333824K, used 237606K [0x0000000080000000, 0x0000000100000000)
  region size 1024K, 127 young (130048K), 3 survivors (3072K)
 Metaspace       used 97942K, committed 98624K, reserved 1179648K
  class space    used 13330K, committed 13632K, reserved 1048576K
}
Event: 12.450 GC heap after
{Heap after GC invocations=57 (full 0):
 garbage-first heap   total 333824K, used 120847K [0x0000000080000000, 0x0000000100000000)
  region size 1024K, 12 young (12288K), 12 survivors (12288K)
 Metaspace       used 97942K, committed 98624K, reserved 1179648K
  class space    used 13330K, committed 13632K, reserved 1048576K
}
Event: 12.460 GC heap before
{Heap before GC invocations=57 (full 0):
 garbage-first heap   total 333824K, used 123919K [0x0000000080000000, 0x0000000100000000)
  region size 1024K, 16 young (16384K), 12 survivors (12288K)
 Metaspace       used 97947K, committed 98624K, reserved 1179648K
  class space    used 13330K, committed 13632K, reserved 1048576K
}
Event: 12.491 GC heap after
{Heap after GC invocations=58 (full 0):
 garbage-first heap   total 333824K, used 121998K [0x0000000080000000, 0x0000000100000000)
  region size 1024K, 2 young (2048K), 2 survivors (2048K)
 Metaspace       used 97947K, committed 98624K, reserved 1179648K
  class space    used 13330K, committed 13632K, reserved 1048576K
}
Event: 13.728 GC heap before
{Heap before GC invocations=58 (full 0):
 garbage-first heap   total 333824K, used 251022K [0x0000000080000000, 0x0000000100000000)
  region size 1024K, 129 young (132096K), 2 survivors (2048K)
 Metaspace       used 105649K, committed 106432K, reserved 1179648K
  class space    used 14360K, committed 14720K, reserved 1048576K
}
Event: 13.739 GC heap after
{Heap after GC invocations=59 (full 0):
 garbage-first heap   total 333824K, used 127326K [0x0000000080000000, 0x0000000100000000)
  region size 1024K, 7 young (7168K), 7 survivors (7168K)
 Metaspace       used 105649K, committed 106432K, reserved 1179648K
  class space    used 14360K, committed 14720K, reserved 1048576K
}
Event: 14.130 GC heap before
{Heap before GC invocations=59 (full 0):
 garbage-first heap   total 333824K, used 209246K [0x0000000080000000, 0x0000000100000000)
  region size 1024K, 79 young (80896K), 7 survivors (7168K)
 Metaspace       used 106733K, committed 107520K, reserved 1179648K
  class space    used 14527K, committed 14912K, reserved 1048576K
}
Event: 14.145 GC heap after
{Heap after GC invocations=60 (full 0):
 garbage-first heap   total 333824K, used 143084K [0x0000000080000000, 0x0000000100000000)
  region size 1024K, 13 young (13312K), 13 survivors (13312K)
 Metaspace       used 106733K, committed 107520K, reserved 1179648K
  class space    used 14527K, committed 14912K, reserved 1048576K
}
Event: 14.476 GC heap before
{Heap before GC invocations=60 (full 0):
 garbage-first heap   total 333824K, used 174828K [0x0000000080000000, 0x0000000100000000)
  region size 1024K, 15 young (15360K), 13 survivors (13312K)
 Metaspace       used 106775K, committed 107584K, reserved 1179648K
  class space    used 14535K, committed 14912K, reserved 1048576K
}
Event: 14.505 GC heap after
{Heap after GC invocations=61 (full 0):
 garbage-first heap   total 333824K, used 175024K [0x0000000080000000, 0x0000000100000000)
  region size 1024K, 7 young (7168K), 7 survivors (7168K)
 Metaspace       used 106775K, committed 107584K, reserved 1179648K
  class space    used 14535K, committed 14912K, reserved 1048576K
}
Event: 15.727 GC heap before
{Heap before GC invocations=62 (full 0):
 garbage-first heap   total 334848K, used 292784K [0x0000000080000000, 0x0000000100000000)
  region size 1024K, 41 young (41984K), 7 survivors (7168K)
 Metaspace       used 109783K, committed 110592K, reserved 1179648K
  class space    used 14968K, committed 15360K, reserved 1048576K
}
Event: 15.744 GC heap after
{Heap after GC invocations=63 (full 0):
 garbage-first heap   total 334848K, used 254271K [0x0000000080000000, 0x0000000100000000)
  region size 1024K, 14 young (14336K), 14 survivors (14336K)
 Metaspace       used 109783K, committed 110592K, reserved 1179648K
  class space    used 14968K, committed 15360K, reserved 1048576K
}
Event: 15.763 GC heap before
{Heap before GC invocations=63 (full 0):
 garbage-first heap   total 334848K, used 288063K [0x0000000080000000, 0x0000000100000000)
  region size 1024K, 16 young (16384K), 14 survivors (14336K)
 Metaspace       used 109783K, committed 110592K, reserved 1179648K
  class space    used 14968K, committed 15360K, reserved 1048576K
}
Event: 15.774 GC heap after
{Heap after GC invocations=64 (full 0):
 garbage-first heap   total 334848K, used 249156K [0x0000000080000000, 0x0000000100000000)
  region size 1024K, 1 young (1024K), 1 survivors (1024K)
 Metaspace       used 109783K, committed 110592K, reserved 1179648K
  class space    used 14968K, committed 15360K, reserved 1048576K
}
Event: 15.798 GC heap before
{Heap before GC invocations=64 (full 0):
 garbage-first heap   total 334848K, used 314692K [0x0000000080000000, 0x0000000100000000)
  region size 1024K, 17 young (17408K), 1 survivors (1024K)
 Metaspace       used 109786K, committed 110592K, reserved 1179648K
  class space    used 14968K, committed 15360K, reserved 1048576K
}
Event: 15.809 GC heap after
{Heap after GC invocations=65 (full 0):
 garbage-first heap   total 334848K, used 277240K [0x0000000080000000, 0x0000000100000000)
  region size 1024K, 5 young (5120K), 5 survivors (5120K)
 Metaspace       used 109786K, committed 110592K, reserved 1179648K
  class space    used 14968K, committed 15360K, reserved 1048576K
}
Event: 15.940 GC heap before
{Heap before GC invocations=65 (full 0):
 garbage-first heap   total 334848K, used 296696K [0x0000000080000000, 0x0000000100000000)
  region size 1024K, 19 young (19456K), 5 survivors (5120K)
 Metaspace       used 110098K, committed 110848K, reserved 1179648K
  class space    used 15014K, committed 15360K, reserved 1048576K
}

