# JRE version: OpenJDK Runtime Environment (17.0.7) (build 17.0.7+0-b2043.56-10550314)
# Java VM: OpenJDK 64-Bit Server VM (17.0.7+0-b2043.56-10550314, mixed mode, tiered, compressed oops, compressed class ptrs, g1 gc, windows-amd64)
GC Precious Log:
 CPUs: 12 total, 12 available
 Memory: 5996M
 Large Page Support: Disabled
 NUMA Support: Disabled
 Compressed Oops: Enabled (32-bit)
 Heap Region Size: 1M
 Heap Min Capacity: 8M
 Heap Initial Capacity: 94M
 Heap Max Capacity: 2G
 Pre-touch: Disabled
 Parallel Workers: 10
 Concurrent Workers: 3
 Concurrent Refinement Workers: 10
 Periodic GC: Disabled
Heap:
 garbage-first heap   total 171008K, used 107962K [0x0000000080000000, 0x0000000100000000)
  region size 1024K, 2 young (2048K), 2 survivors (2048K)
 Metaspace       used 83781K, committed 84480K, reserved 1179648K
  class space    used 11286K, committed 11584K, reserved 1048576K
GC Heap History (20 events):
Event: 9.216 GC heap after
{Heap after GC invocations=24 (full 0):
 garbage-first heap   total 171008K, used 72643K [0x0000000080000000, 0x0000000100000000)
  region size 1024K, 7 young (7168K), 7 survivors (7168K)
 Metaspace       used 54685K, committed 55232K, reserved 1114112K
  class space    used 7300K, committed 7552K, reserved 1048576K
}
Event: 9.630 GC heap before
{Heap before GC invocations=24 (full 0):
 garbage-first heap   total 171008K, used 107459K [0x0000000080000000, 0x0000000100000000)
  region size 1024K, 40 young (40960K), 7 survivors (7168K)
 Metaspace       used 55215K, committed 55808K, reserved 1114112K
  class space    used 7353K, committed 7616K, reserved 1048576K
}
Event: 9.635 GC heap after
{Heap after GC invocations=25 (full 0):
 garbage-first heap   total 171008K, used 81364K [0x0000000080000000, 0x0000000100000000)
  region size 1024K, 7 young (7168K), 7 survivors (7168K)
 Metaspace       used 55215K, committed 55808K, reserved 1114112K
  class space    used 7353K, committed 7616K, reserved 1048576K
}
Event: 10.249 GC heap before
{Heap before GC invocations=26 (full 0):
 garbage-first heap   total 171008K, used 135636K [0x0000000080000000, 0x0000000100000000)
  region size 1024K, 54 young (55296K), 7 survivors (7168K)
 Metaspace       used 61671K, committed 62272K, reserved 1114112K
  class space    used 8158K, committed 8384K, reserved 1048576K
}
Event: 10.259 GC heap after
{Heap after GC invocations=27 (full 0):
 garbage-first heap   total 171008K, used 90472K [0x0000000080000000, 0x0000000100000000)
  region size 1024K, 7 young (7168K), 7 survivors (7168K)
 Metaspace       used 61671K, committed 62272K, reserved 1114112K
  class space    used 8158K, committed 8384K, reserved 1048576K
}
Event: 10.271 GC heap before
{Heap before GC invocations=27 (full 0):
 garbage-first heap   total 171008K, used 91496K [0x0000000080000000, 0x0000000100000000)
  region size 1024K, 8 young (8192K), 7 survivors (7168K)
 Metaspace       used 61873K, committed 62528K, reserved 1114112K
  class space    used 8177K, committed 8448K, reserved 1048576K
}
Event: 10.274 GC heap after
{Heap after GC invocations=28 (full 0):
 garbage-first heap   total 171008K, used 90875K [0x0000000080000000, 0x0000000100000000)
  region size 1024K, 1 young (1024K), 1 survivors (1024K)
 Metaspace       used 61873K, committed 62528K, reserved 1114112K
  class space    used 8177K, committed 8448K, reserved 1048576K
}
Event: 10.711 GC heap before
{Heap before GC invocations=28 (full 0):
 garbage-first heap   total 171008K, used 139003K [0x0000000080000000, 0x0000000100000000)
  region size 1024K, 42 young (43008K), 1 survivors (1024K)
 Metaspace       used 67205K, committed 67840K, reserved 1114112K
  class space    used 8906K, committed 9216K, reserved 1048576K
}
Event: 10.714 GC heap after
{Heap after GC invocations=29 (full 0):
 garbage-first heap   total 171008K, used 94771K [0x0000000080000000, 0x0000000100000000)
  region size 1024K, 5 young (5120K), 5 survivors (5120K)
 Metaspace       used 67205K, committed 67840K, reserved 1114112K
  class space    used 8906K, committed 9216K, reserved 1048576K
}
Event: 11.054 GC heap before
{Heap before GC invocations=29 (full 0):
 garbage-first heap   total 171008K, used 131635K [0x0000000080000000, 0x0000000100000000)
  region size 1024K, 42 young (43008K), 5 survivors (5120K)
 Metaspace       used 70714K, committed 71360K, reserved 1114112K
  class space    used 9320K, committed 9600K, reserved 1048576K
}
Event: 11.058 GC heap after
{Heap after GC invocations=30 (full 0):
 garbage-first heap   total 171008K, used 97822K [0x0000000080000000, 0x0000000100000000)
  region size 1024K, 3 young (3072K), 3 survivors (3072K)
 Metaspace       used 70714K, committed 71360K, reserved 1114112K
  class space    used 9320K, committed 9600K, reserved 1048576K
}
Event: 11.526 GC heap before
{Heap before GC invocations=31 (full 0):
 garbage-first heap   total 171008K, used 139806K [0x0000000080000000, 0x0000000100000000)
  region size 1024K, 43 young (44032K), 3 survivors (3072K)
 Metaspace       used 75560K, committed 76224K, reserved 1179648K
  class space    used 10019K, committed 10304K, reserved 1048576K
}
Event: 11.529 GC heap after
{Heap after GC invocations=32 (full 0):
 garbage-first heap   total 171008K, used 99331K [0x0000000080000000, 0x0000000100000000)
  region size 1024K, 5 young (5120K), 5 survivors (5120K)
 Metaspace       used 75560K, committed 76224K, reserved 1179648K
  class space    used 10019K, committed 10304K, reserved 1048576K
}
Event: 11.556 GC heap before
{Heap before GC invocations=32 (full 0):
 garbage-first heap   total 171008K, used 101379K [0x0000000080000000, 0x0000000100000000)
  region size 1024K, 8 young (8192K), 5 survivors (5120K)
 Metaspace       used 75972K, committed 76672K, reserved 1179648K
  class space    used 10079K, committed 10368K, reserved 1048576K
}
Event: 11.559 GC heap after
{Heap after GC invocations=33 (full 0):
 garbage-first heap   total 171008K, used 99948K [0x0000000080000000, 0x0000000100000000)
  region size 1024K, 1 young (1024K), 1 survivors (1024K)
 Metaspace       used 75972K, committed 76672K, reserved 1179648K
  class space    used 10079K, committed 10368K, reserved 1048576K
}
Event: 11.886 GC heap before
{Heap before GC invocations=33 (full 0):
 garbage-first heap   total 171008K, used 140908K [0x0000000080000000, 0x0000000100000000)
  region size 1024K, 41 young (41984K), 1 survivors (1024K)
 Metaspace       used 79040K, committed 79680K, reserved 1179648K
  class space    used 10521K, committed 10816K, reserved 1048576K
}
Event: 11.889 GC heap after
{Heap after GC invocations=34 (full 0):
 garbage-first heap   total 171008K, used 102959K [0x0000000080000000, 0x0000000100000000)
  region size 1024K, 4 young (4096K), 4 survivors (4096K)
 Metaspace       used 79040K, committed 79680K, reserved 1179648K
  class space    used 10521K, committed 10816K, reserved 1048576K
}
Event: 12.024 GC heap before
{Heap before GC invocations=34 (full 0):
 garbage-first heap   total 171008K, used 140847K [0x0000000080000000, 0x0000000100000000)
  region size 1024K, 41 young (41984K), 4 survivors (4096K)
 Metaspace       used 79465K, committed 80192K, reserved 1179648K
  class space    used 10566K, committed 10880K, reserved 1048576K
}
Event: 12.028 GC heap after
{Heap after GC invocations=35 (full 0):
 garbage-first heap   total 171008K, used 106056K [0x0000000080000000, 0x0000000100000000)
  region size 1024K, 4 young (4096K), 4 survivors (4096K)
 Metaspace       used 79465K, committed 80192K, reserved 1179648K
  class space    used 10566K, committed 10880K, reserved 1048576K
}
Event: 12.743 GC heap before
{Heap before GC invocations=35 (full 0):
 garbage-first heap   total 171008K, used 140872K [0x0000000080000000, 0x0000000100000000)
  region size 1024K, 38 young (38912K), 4 survivors (4096K)
 Metaspace       used 83781K, committed 84480K, reserved 1179648K
  class space    used 11286K, committed 11584K, reserved 1048576K
}

